# JRE version: Java(TM) SE Runtime Environment (8.0_74-b02) (build 1.8.0_74-b02)
# Java VM: Java HotSpot(TM) Client VM (25.74-b02 mixed mode windows-x86 )
Heap:
 def new generation   total 53888K, used 17351K [0x04200000, 0x07c70000, 0x09750000)
  eden space 47936K,  36% used [0x04200000, 0x052f1e80, 0x070d0000)
  from space 5952K,   0% used [0x070d0000, 0x070d0000, 0x076a0000)
  to   space 5952K,   0% used [0x076a0000, 0x076a0000, 0x07c70000)
 tenured generation   total 119544K, used 46200K [0x09750000, 0x10c0e000, 0x14200000)
   the space 119544K,  38% used [0x09750000, 0x0c46e288, 0x0c46e400, 0x10c0e000)
 Metaspace       used 16345K, capacity 16905K, committed 17024K, reserved 17792K
GC Heap History (10 events):
Event: 13.601 GC heap before
{Heap before GC invocations=40 (full 1):
 def new generation   total 10816K, used 620K [0x04200000, 0x04db0000, 0x09750000)
  eden space 9664K,   4% used [0x04200000, 0x04268f80, 0x04b70000)
  from space 1152K,  17% used [0x04c90000, 0x04cc2348, 0x04db0000)
  to   space 1152K,   0% used [0x04b70000, 0x04b70000, 0x04c90000)
 tenured generation   total 118264K, used 118197K [0x09750000, 0x10ace000, 0x14200000)
   the space 118264K,  99% used [0x09750000, 0x10abd430, 0x10abd600, 0x10ace000)
 Metaspace       used 15027K, capacity 15518K, committed 15576K, reserved 15744K
Event: 13.606 GC heap after
Heap after GC invocations=41 (full 1):
 def new generation   total 10816K, used 263K [0x04200000, 0x04db0000, 0x09750000)
  eden space 9664K,   0% used [0x04200000, 0x04200000, 0x04b70000)
  from space 1152K,  22% used [0x04b70000, 0x04bb1f18, 0x04c90000)
  to   space 1152K,   0% used [0x04c90000, 0x04c90000, 0x04db0000)
 tenured generation   total 118264K, used 118197K [0x09750000, 0x10ace000, 0x14200000)
   the space 118264K,  99% used [0x09750000, 0x10abd430, 0x10abd600, 0x10ace000)
 Metaspace       used 15027K, capacity 15518K, committed 15576K, reserved 15744K
}
Event: 13.696 GC heap before
{Heap before GC invocations=41 (full 1):
 def new generation   total 10816K, used 1065K [0x04200000, 0x04db0000, 0x09750000)
  eden space 9664K,   8% used [0x04200000, 0x042c8778, 0x04b70000)
  from space 1152K,  22% used [0x04b70000, 0x04bb1f18, 0x04c90000)
  to   space 1152K,   0% used [0x04c90000, 0x04c90000, 0x04db0000)
 tenured generation   total 118264K, used 118197K [0x09750000, 0x10ace000, 0x14200000)
   the space 118264K,  99% used [0x09750000, 0x10abd430, 0x10abd600, 0x10ace000)
 Metaspace       used 15248K, capacity 15712K, committed 15744K, reserved 15744K
Event: 13.701 GC heap after
Heap after GC invocations=42 (full 1):
 def new generation   total 10816K, used 430K [0x04200000, 0x04db0000, 0x09750000)
  eden space 9664K,   0% used [0x04200000, 0x04200000, 0x04b70000)
  from space 1152K,  37% used [0x04c90000, 0x04cfb900, 0x04db0000)
  to   space 1152K,   0% used [0x04b70000, 0x04b70000, 0x04c90000)
 tenured generation   total 118264K, used 118197K [0x09750000, 0x10ace000, 0x14200000)
   the space 118264K,  99% used [0x09750000, 0x10abd430, 0x10abd600, 0x10ace000)
 Metaspace       used 15248K, capacity 15712K, committed 15744K, reserved 15744K
}
Event: 13.869 GC heap before
{Heap before GC invocations=42 (full 1):
 def new generation   total 10816K, used 4211K [0x04200000, 0x04db0000, 0x09750000)
  eden space 9664K,  39% used [0x04200000, 0x045b15d0, 0x04b70000)
  from space 1152K,  37% used [0x04c90000, 0x04cfb900, 0x04db0000)
  to   space 1152K,   0% used [0x04b70000, 0x04b70000, 0x04c90000)
 tenured generation   total 118264K, used 118197K [0x09750000, 0x10ace000, 0x14200000)
   the space 118264K,  99% used [0x09750000, 0x10abd430, 0x10abd600, 0x10ace000)
 Metaspace       used 15548K, capacity 16047K, committed 16088K, reserved 16768K
Event: 13.878 GC heap after
Heap after GC invocations=43 (full 1):
 def new generation   total 10816K, used 1066K [0x04200000, 0x04db0000, 0x09750000)
  eden space 9664K,   0% used [0x04200000, 0x04200000, 0x04b70000)
  from space 1152K,  92% used [0x04b70000, 0x04c7a818, 0x04c90000)
  to   space 1152K,   0% used [0x04c90000, 0x04c90000, 0x04db0000)
 tenured generation   total 118264K, used 118197K [0x09750000, 0x10ace000, 0x14200000)
   the space 118264K,  99% used [0x09750000, 0x10abd430, 0x10abd600, 0x10ace000)
 Metaspace       used 15548K, capacity 16047K, committed 16088K, reserved 16768K
}
Event: 14.313 GC heap before
{Heap before GC invocations=43 (full 1):
 def new generation   total 10816K, used 7590K [0x04200000, 0x04db0000, 0x09750000)
  eden space 9664K,  67% used [0x04200000, 0x0485f130, 0x04b70000)
  from space 1152K,  92% used [0x04b70000, 0x04c7a818, 0x04c90000)
  to   space 1152K,   0% used [0x04c90000, 0x04c90000, 0x04db0000)
 tenured generation   total 118264K, used 118197K [0x09750000, 0x10ace000, 0x14200000)
   the space 118264K,  99% used [0x09750000, 0x10abd430, 0x10abd600, 0x10ace000)
 Metaspace       used 15723K, capacity 16212K, committed 16344K, reserved 16768K
Event: 14.328 GC heap after
Heap after GC invocations=44 (full 1):
 def new generation   total 10816K, used 1152K [0x04200000, 0x04db0000, 0x09750000)
  eden space 9664K,   0% used [0x04200000, 0x04200000, 0x04b70000)
  from space 1152K, 100% used [0x04c90000, 0x04db0000, 0x04db0000)
  to   space 1152K,   0% used [0x04b70000, 0x04b70000, 0x04c90000)
 tenured generation   total 119544K, used 119457K [0x09750000, 0x10c0e000, 0x14200000)
   the space 119544K,  99% used [0x09750000, 0x10bf8490, 0x10bf8600, 0x10c0e000)
 Metaspace       used 15723K, capacity 16212K, committed 16344K, reserved 16768K
}
Event: 14.668 GC heap before
{Heap before GC invocations=44 (full 1):
 def new generation   total 10816K, used 2456K [0x04200000, 0x04db0000, 0x09750000)
  eden space 9664K,  13% used [0x04200000, 0x043462b8, 0x04b70000)
  from space 1152K, 100% used [0x04c90000, 0x04db0000, 0x04db0000)
  to   space 1152K,   0% used [0x04b70000, 0x04b70000, 0x04c90000)
 tenured generation   total 119544K, used 119457K [0x09750000, 0x10c0e000, 0x14200000)
   the space 119544K,  99% used [0x09750000, 0x10bf8490, 0x10bf8600, 0x10c0e000)
 Metaspace       used 15947K, capacity 16439K, committed 16472K, reserved 16768K
Event: 14.780 GC heap after
Heap after GC invocations=45 (full 2):
 def new generation   total 53888K, used 0K [0x04200000, 0x07c70000, 0x09750000)
  eden space 47936K,   0% used [0x04200000, 0x04200000, 0x070d0000)
  from space 5952K,   0% used [0x070d0000, 0x070d0000, 0x076a0000)
  to   space 5952K,   0% used [0x076a0000, 0x076a0000, 0x07c70000)
 tenured generation   total 119544K, used 46200K [0x09750000, 0x10c0e000, 0x14200000)
   the space 119544K,  38% used [0x09750000, 0x0c46e288, 0x0c46e400, 0x10c0e000)
 Metaspace       used 15940K, capacity 16424K, committed 16472K, reserved 16768K
}

