# JRE version: Java(TM) SE Runtime Environment (8.0_74-b02) (build 1.8.0_74-b02)
# Java VM: Java HotSpot(TM) Client VM (25.74-b02 mixed mode, sharing windows-x86 )
Heap:
 def new generation   total 20160K, used 10133K [0x03800000, 0x04de0000, 0x08d50000)
  eden space 17920K,  46% used [0x03800000, 0x0400e988, 0x04980000)
  from space 2240K,  84% used [0x04980000, 0x04b56db0, 0x04bb0000)
  to   space 2240K,   0% used [0x04bb0000, 0x04bb0000, 0x04de0000)
 tenured generation   total 44740K, used 34614K [0x08d50000, 0x0b901000, 0x13800000)
   the space 44740K,  77% used [0x08d50000, 0x0af1d8b8, 0x0af1da00, 0x0b901000)
 Metaspace       used 9108K, capacity 9671K, committed 9728K, reserved 10624K
GC Heap History (10 events):
Event: 7.756 GC heap before
{Heap before GC invocations=34 (full 3):
 def new generation   total 20160K, used 18224K [0x03800000, 0x04de0000, 0x08d50000)
  eden space 17920K,  99% used [0x03800000, 0x049614a0, 0x04980000)
  from space 2240K,  19% used [0x04bb0000, 0x04c1acb8, 0x04de0000)
  to   space 2240K,   0% used [0x04980000, 0x04980000, 0x04bb0000)
 tenured generation   total 44740K, used 27755K [0x08d50000, 0x0b901000, 0x13800000)
   the space 44740K,  62% used [0x08d50000, 0x0a86afd8, 0x0a86b000, 0x0b901000)
 Metaspace       used 7185K, capacity 8051K, committed 8064K, reserved 8576K
Event: 7.760 GC heap after
Heap after GC invocations=35 (full 3):
 def new generation   total 20160K, used 426K [0x03800000, 0x04de0000, 0x08d50000)
  eden space 17920K,   0% used [0x03800000, 0x03800000, 0x04980000)
  from space 2240K,  19% used [0x04980000, 0x049ea910, 0x04bb0000)
  to   space 2240K,   0% used [0x04bb0000, 0x04bb0000, 0x04de0000)
 tenured generation   total 44740K, used 27755K [0x08d50000, 0x0b901000, 0x13800000)
   the space 44740K,  62% used [0x08d50000, 0x0a86afd8, 0x0a86b000, 0x0b901000)
 Metaspace       used 7185K, capacity 8051K, committed 8064K, reserved 8576K
}
Event: 7.792 GC heap before
{Heap before GC invocations=35 (full 3):
 def new generation   total 20160K, used 18180K [0x03800000, 0x04de0000, 0x08d50000)
  eden space 17920K,  99% used [0x03800000, 0x04956728, 0x04980000)
  from space 2240K,  19% used [0x04980000, 0x049ea910, 0x04bb0000)
  to   space 2240K,   0% used [0x04bb0000, 0x04bb0000, 0x04de0000)
 tenured generation   total 44740K, used 27755K [0x08d50000, 0x0b901000, 0x13800000)
   the space 44740K,  62% used [0x08d50000, 0x0a86afd8, 0x0a86b000, 0x0b901000)
 Metaspace       used 7185K, capacity 8051K, committed 8064K, reserved 8576K
Event: 7.798 GC heap after
Heap after GC invocations=36 (full 3):
 def new generation   total 20160K, used 255K [0x03800000, 0x04de0000, 0x08d50000)
  eden space 17920K,   0% used [0x03800000, 0x03800000, 0x04980000)
  from space 2240K,  11% used [0x04bb0000, 0x04befc90, 0x04de0000)
  to   space 2240K,   0% used [0x04980000, 0x04980000, 0x04bb0000)
 tenured generation   total 44740K, used 27755K [0x08d50000, 0x0b901000, 0x13800000)
   the space 44740K,  62% used [0x08d50000, 0x0a86afd8, 0x0a86b000, 0x0b901000)
 Metaspace       used 7185K, capacity 8051K, committed 8064K, reserved 8576K
}
Event: 7.860 GC heap before
{Heap before GC invocations=36 (full 3):
 def new generation   total 20160K, used 18175K [0x03800000, 0x04de0000, 0x08d50000)
  eden space 17920K, 100% used [0x03800000, 0x04980000, 0x04980000)
  from space 2240K,  11% used [0x04bb0000, 0x04befc90, 0x04de0000)
  to   space 2240K,   0% used [0x04980000, 0x04980000, 0x04bb0000)
 tenured generation   total 44740K, used 27755K [0x08d50000, 0x0b901000, 0x13800000)
   the space 44740K,  62% used [0x08d50000, 0x0a86afd8, 0x0a86b000, 0x0b901000)
 Metaspace       used 7196K, capacity 8051K, committed 8064K, reserved 8576K
Event: 7.864 GC heap after
Heap after GC invocations=37 (full 3):
 def new generation   total 20160K, used 288K [0x03800000, 0x04de0000, 0x08d50000)
  eden space 17920K,   0% used [0x03800000, 0x03800000, 0x04980000)
  from space 2240K,  12% used [0x04980000, 0x049c81c0, 0x04bb0000)
  to   space 2240K,   0% used [0x04bb0000, 0x04bb0000, 0x04de0000)
 tenured generation   total 44740K, used 27755K [0x08d50000, 0x0b901000, 0x13800000)
   the space 44740K,  62% used [0x08d50000, 0x0a86afd8, 0x0a86b000, 0x0b901000)
 Metaspace       used 7196K, capacity 8051K, committed 8064K, reserved 8576K
}
Event: 8.778 GC heap before
{Heap before GC invocations=37 (full 3):
 def new generation   total 20160K, used 18208K [0x03800000, 0x04de0000, 0x08d50000)
  eden space 17920K, 100% used [0x03800000, 0x04980000, 0x04980000)
  from space 2240K,  12% used [0x04980000, 0x049c8260, 0x04bb0000)
  to   space 2240K,   0% used [0x04bb0000, 0x04bb0000, 0x04de0000)
 tenured generation   total 44740K, used 27755K [0x08d50000, 0x0b901000, 0x13800000)
   the space 44740K,  62% used [0x08d50000, 0x0a86afd8, 0x0a86b000, 0x0b901000)
 Metaspace       used 8251K, capacity 8779K, committed 8832K, reserved 9600K
Event: 8.800 GC heap after
Heap after GC invocations=38 (full 3):
 def new generation   total 20160K, used 2211K [0x03800000, 0x04de0000, 0x08d50000)
  eden space 17920K,   0% used [0x03800000, 0x03800000, 0x04980000)
  from space 2240K,  98% used [0x04bb0000, 0x04dd8ce0, 0x04de0000)
  to   space 2240K,   0% used [0x04980000, 0x04980000, 0x04bb0000)
 tenured generation   total 44740K, used 27755K [0x08d50000, 0x0b901000, 0x13800000)
   the space 44740K,  62% used [0x08d50000, 0x0a86afd8, 0x0a86b000, 0x0b901000)
 Metaspace       used 8251K, capacity 8779K, committed 8832K, reserved 9600K
}
Event: 10.617 GC heap before
{Heap before GC invocations=38 (full 3):
 def new generation   total 20160K, used 19510K [0x03800000, 0x04de0000, 0x08d50000)
  eden space 17920K,  96% used [0x03800000, 0x048e4b20, 0x04980000)
  from space 2240K,  98% used [0x04bb0000, 0x04dd8ce0, 0x04de0000)
  to   space 2240K,   0% used [0x04980000, 0x04980000, 0x04bb0000)
 tenured generation   total 44740K, used 28727K [0x08d50000, 0x0b901000, 0x13800000)
   the space 44740K,  64% used [0x08d50000, 0x0a95dfe8, 0x0a95e000, 0x0b901000)
 Metaspace       used 8926K, capacity 9464K, committed 9472K, reserved 9600K
Event: 10.643 GC heap after
Heap after GC invocations=39 (full 3):
 def new generation   total 20160K, used 1883K [0x03800000, 0x04de0000, 0x08d50000)
  eden space 17920K,   0% used [0x03800000, 0x03800000, 0x04980000)
  from space 2240K,  84% used [0x04980000, 0x04b56db0, 0x04bb0000)
  to   space 2240K,   0% used [0x04bb0000, 0x04bb0000, 0x04de0000)
 tenured generation   total 44740K, used 34614K [0x08d50000, 0x0b901000, 0x13800000)
   the space 44740K,  77% used [0x08d50000, 0x0af1d8b8, 0x0af1da00, 0x0b901000)
 Metaspace       used 8926K, capacity 9464K, committed 9472K, reserved 9600K
}

