# JRE version: Java(TM) SE Runtime Environment (8.0_72-b15) (build 1.8.0_72-b15)
# Java VM: Java HotSpot(TM) Client VM (25.72-b15 mixed mode, sharing windows-x86 )
Heap:
 def new generation   total 43776K, used 5246K [0x03a00000, 0x06970000, 0x08f50000)
  eden space 38976K,  13% used [0x03a00000, 0x03f1f860, 0x06010000)
  from space 4800K,   0% used [0x06010000, 0x06010000, 0x064c0000)
  to   space 4800K,   0% used [0x064c0000, 0x064c0000, 0x06970000)
 tenured generation   total 97000K, used 24815K [0x08f50000, 0x0ee0a000, 0x13a00000)
   the space 97000K,  25% used [0x08f50000, 0x0a78bfd8, 0x0a78c000, 0x0ee0a000)
 Metaspace       used 8745K, capacity 9259K, committed 9344K, reserved 9600K
GC Heap History (10 events):
Event: 7.803 GC heap before
{Heap before GC invocations=58 (full 2):
 def new generation   total 20288K, used 20235K [0x03a00000, 0x05000000, 0x08f50000)
  eden space 18048K, 100% used [0x03a00000, 0x04ba0000, 0x04ba0000)
  from space 2240K,  97% used [0x04ba0000, 0x04dc2c30, 0x04dd0000)
  to   space 2240K,   0% used [0x04dd0000, 0x04dd0000, 0x05000000)
 tenured generation   total 95400K, used 95252K [0x08f50000, 0x0ec7a000, 0x13a00000)
   the space 95400K,  99% used [0x08f50000, 0x0ec551c0, 0x0ec55200, 0x0ec7a000)
 Metaspace       used 7033K, capacity 7992K, committed 8064K, reserved 8576K
Event: 7.805 GC heap after
Heap after GC invocations=59 (full 2):
 def new generation   total 20288K, used 3K [0x03a00000, 0x05000000, 0x08f50000)
  eden space 18048K,   0% used [0x03a00000, 0x03a00000, 0x04ba0000)
  from space 2240K,   0% used [0x04dd0000, 0x04dd0eb8, 0x05000000)
  to   space 2240K,   0% used [0x04ba0000, 0x04ba0000, 0x04dd0000)
 tenured generation   total 95400K, used 95252K [0x08f50000, 0x0ec7a000, 0x13a00000)
   the space 95400K,  99% used [0x08f50000, 0x0ec551c0, 0x0ec55200, 0x0ec7a000)
 Metaspace       used 7033K, capacity 7992K, committed 8064K, reserved 8576K
}
Event: 7.905 GC heap before
{Heap before GC invocations=59 (full 2):
 def new generation   total 20288K, used 18227K [0x03a00000, 0x05000000, 0x08f50000)
  eden space 18048K, 100% used [0x03a00000, 0x04ba0000, 0x04ba0000)
  from space 2240K,   8% used [0x04dd0000, 0x04dfcd00, 0x05000000)
  to   space 2240K,   0% used [0x04ba0000, 0x04ba0000, 0x04dd0000)
 tenured generation   total 95400K, used 95252K [0x08f50000, 0x0ec7a000, 0x13a00000)
   the space 95400K,  99% used [0x08f50000, 0x0ec551c0, 0x0ec55200, 0x0ec7a000)
 Metaspace       used 7040K, capacity 7992K, committed 8064K, reserved 8576K
Event: 7.908 GC heap after
Heap after GC invocations=60 (full 2):
 def new generation   total 20288K, used 221K [0x03a00000, 0x05000000, 0x08f50000)
  eden space 18048K,   0% used [0x03a00000, 0x03a00000, 0x04ba0000)
  from space 2240K,   9% used [0x04ba0000, 0x04bd7448, 0x04dd0000)
  to   space 2240K,   0% used [0x04dd0000, 0x04dd0000, 0x05000000)
 tenured generation   total 95400K, used 95252K [0x08f50000, 0x0ec7a000, 0x13a00000)
   the space 95400K,  99% used [0x08f50000, 0x0ec551c0, 0x0ec55200, 0x0ec7a000)
 Metaspace       used 7040K, capacity 7992K, committed 8064K, reserved 8576K
}
Event: 8.763 GC heap before
{Heap before GC invocations=60 (full 2):
 def new generation   total 20288K, used 18276K [0x03a00000, 0x05000000, 0x08f50000)
  eden space 18048K, 100% used [0x03a00000, 0x04ba0000, 0x04ba0000)
  from space 2240K,  10% used [0x04ba0000, 0x04bd9148, 0x04dd0000)
  to   space 2240K,   0% used [0x04dd0000, 0x04dd0000, 0x05000000)
 tenured generation   total 95400K, used 95252K [0x08f50000, 0x0ec7a000, 0x13a00000)
   the space 95400K,  99% used [0x08f50000, 0x0ec551c0, 0x0ec55200, 0x0ec7a000)
 Metaspace       used 8000K, capacity 8478K, committed 8576K, reserved 8576K
Event: 8.779 GC heap after
Heap after GC invocations=61 (full 2):
 def new generation   total 20288K, used 1698K [0x03a00000, 0x05000000, 0x08f50000)
  eden space 18048K,   0% used [0x03a00000, 0x03a00000, 0x04ba0000)
  from space 2240K,  75% used [0x04dd0000, 0x04f78b50, 0x05000000)
  to   space 2240K,   0% used [0x04ba0000, 0x04ba0000, 0x04dd0000)
 tenured generation   total 95400K, used 95252K [0x08f50000, 0x0ec7a000, 0x13a00000)
   the space 95400K,  99% used [0x08f50000, 0x0ec551c0, 0x0ec55200, 0x0ec7a000)
 Metaspace       used 8000K, capacity 8478K, committed 8576K, reserved 8576K
}
Event: 9.963 GC heap before
{Heap before GC invocations=61 (full 2):
 def new generation   total 20288K, used 19816K [0x03a00000, 0x05000000, 0x08f50000)
  eden space 18048K, 100% used [0x03a00000, 0x04ba0000, 0x04ba0000)
  from space 2240K,  78% used [0x04dd0000, 0x04f8a080, 0x05000000)
  to   space 2240K,   0% used [0x04ba0000, 0x04ba0000, 0x04dd0000)
 tenured generation   total 95400K, used 95252K [0x08f50000, 0x0ec7a000, 0x13a00000)
   the space 95400K,  99% used [0x08f50000, 0x0ec551c0, 0x0ec55200, 0x0ec7a000)
 Metaspace       used 8505K, capacity 9002K, committed 9088K, reserved 9600K
Event: 9.981 GC heap after
Heap after GC invocations=62 (full 2):
 def new generation   total 20288K, used 1757K [0x03a00000, 0x05000000, 0x08f50000)
  eden space 18048K,   0% used [0x03a00000, 0x03a00000, 0x04ba0000)
  from space 2240K,  78% used [0x04ba0000, 0x04d57578, 0x04dd0000)
  to   space 2240K,   0% used [0x04dd0000, 0x04dd0000, 0x05000000)
 tenured generation   total 97000K, used 96872K [0x08f50000, 0x0ee0a000, 0x13a00000)
   the space 97000K,  99% used [0x08f50000, 0x0edea0a0, 0x0edea200, 0x0ee0a000)
 Metaspace       used 8505K, capacity 9002K, committed 9088K, reserved 9600K
}
Event: 11.145 GC heap before
{Heap before GC invocations=62 (full 2):
 def new generation   total 20288K, used 19805K [0x03a00000, 0x05000000, 0x08f50000)
  eden space 18048K, 100% used [0x03a00000, 0x04ba0000, 0x04ba0000)
  from space 2240K,  78% used [0x04ba0000, 0x04d57578, 0x04dd0000)
  to   space 2240K,   0% used [0x04dd0000, 0x04dd0000, 0x05000000)
 tenured generation   total 97000K, used 96872K [0x08f50000, 0x0ee0a000, 0x13a00000)
   the space 97000K,  99% used [0x08f50000, 0x0edea0a0, 0x0edea200, 0x0ee0a000)
 Metaspace       used 8675K, capacity 9183K, committed 9216K, reserved 9600K
Event: 11.249 GC heap after
Heap after GC invocations=63 (full 3):
 def new generation   total 43776K, used 0K [0x03a00000, 0x06970000, 0x08f50000)
  eden space 38976K,   0% used [0x03a00000, 0x03a00000, 0x06010000)
  from space 4800K,   0% used [0x06010000, 0x06010000, 0x064c0000)
  to   space 4800K,   0% used [0x064c0000, 0x064c0000, 0x06970000)
 tenured generation   total 97000K, used 24815K [0x08f50000, 0x0ee0a000, 0x13a00000)
   the space 97000K,  25% used [0x08f50000, 0x0a78bfd8, 0x0a78c000, 0x0ee0a000)
 Metaspace       used 8675K, capacity 9183K, committed 9216K, reserved 9600K
}

