# JRE version: Java(TM) SE Runtime Environment (8.0_74-b02) (build 1.8.0_74-b02)
# Java VM: Java HotSpot(TM) Client VM (25.74-b02 mixed mode windows-x86 )
Heap:
 def new generation   total 21440K, used 12157K [0x04000000, 0x05740000, 0x09550000)
  eden space 19072K,  51% used [0x04000000, 0x0498f598, 0x052a0000)
  from space 2368K, 100% used [0x052a0000, 0x054f0000, 0x054f0000)
  to   space 2368K,   0% used [0x054f0000, 0x054f0000, 0x05740000)
 tenured generation   total 47456K, used 24672K [0x09550000, 0x0c3a8000, 0x14000000)
   the space 47456K,  51% used [0x09550000, 0x0ad681e0, 0x0ad68200, 0x0c3a8000)
 Metaspace       used 16651K, capacity 17223K, committed 17280K, reserved 17792K
GC Heap History (10 events):
Event: 7.656 GC heap before
{Heap before GC invocations=43 (full 3):
 def new generation   total 17280K, used 17166K [0x04000000, 0x052b0000, 0x09550000)
  eden space 15424K,  99% used [0x04000000, 0x04f078e0, 0x04f10000)
  from space 1856K,  95% used [0x04f10000, 0x050cc2d8, 0x050e0000)
  to   space 1856K,   0% used [0x050e0000, 0x050e0000, 0x052b0000)
 tenured generation   total 47456K, used 47284K [0x09550000, 0x0c3a8000, 0x14000000)
   the space 47456K,  99% used [0x09550000, 0x0c37d1e0, 0x0c37d200, 0x0c3a8000)
 Metaspace       used 14110K, capacity 14609K, committed 14720K, reserved 14720K
Event: 7.661 GC heap after
Heap after GC invocations=44 (full 3):
 def new generation   total 17280K, used 697K [0x04000000, 0x052b0000, 0x09550000)
  eden space 15424K,   0% used [0x04000000, 0x04000000, 0x04f10000)
  from space 1856K,  37% used [0x050e0000, 0x0518e6e0, 0x052b0000)
  to   space 1856K,   0% used [0x04f10000, 0x04f10000, 0x050e0000)
 tenured generation   total 47456K, used 47284K [0x09550000, 0x0c3a8000, 0x14000000)
   the space 47456K,  99% used [0x09550000, 0x0c37d1e0, 0x0c37d200, 0x0c3a8000)
 Metaspace       used 14110K, capacity 14609K, committed 14720K, reserved 14720K
}
Event: 7.676 GC heap before
{Heap before GC invocations=44 (full 3):
 def new generation   total 17280K, used 16101K [0x04000000, 0x052b0000, 0x09550000)
  eden space 15424K,  99% used [0x04000000, 0x04f0ad60, 0x04f10000)
  from space 1856K,  37% used [0x050e0000, 0x0518e6e0, 0x052b0000)
  to   space 1856K,   0% used [0x04f10000, 0x04f10000, 0x050e0000)
 tenured generation   total 47456K, used 47284K [0x09550000, 0x0c3a8000, 0x14000000)
   the space 47456K,  99% used [0x09550000, 0x0c37d1e0, 0x0c37d200, 0x0c3a8000)
 Metaspace       used 14115K, capacity 14609K, committed 14720K, reserved 14720K
Event: 7.683 GC heap after
Heap after GC invocations=45 (full 3):
 def new generation   total 17280K, used 706K [0x04000000, 0x052b0000, 0x09550000)
  eden space 15424K,   0% used [0x04000000, 0x04000000, 0x04f10000)
  from space 1856K,  38% used [0x04f10000, 0x04fc0b40, 0x050e0000)
  to   space 1856K,   0% used [0x050e0000, 0x050e0000, 0x052b0000)
 tenured generation   total 47456K, used 47284K [0x09550000, 0x0c3a8000, 0x14000000)
   the space 47456K,  99% used [0x09550000, 0x0c37d1e0, 0x0c37d200, 0x0c3a8000)
 Metaspace       used 14115K, capacity 14609K, committed 14720K, reserved 14720K
}
Event: 7.714 GC heap before
{Heap before GC invocations=45 (full 3):
 def new generation   total 17280K, used 13663K [0x04000000, 0x052b0000, 0x09550000)
  eden space 15424K,  84% used [0x04000000, 0x04ca7438, 0x04f10000)
  from space 1856K,  38% used [0x04f10000, 0x04fc0b40, 0x050e0000)
  to   space 1856K,   0% used [0x050e0000, 0x050e0000, 0x052b0000)
 tenured generation   total 47456K, used 47284K [0x09550000, 0x0c3a8000, 0x14000000)
   the space 47456K,  99% used [0x09550000, 0x0c37d1e0, 0x0c37d200, 0x0c3a8000)
 Metaspace       used 14164K, capacity 14676K, committed 14720K, reserved 14720K
Event: 7.791 GC heap after
Heap after GC invocations=46 (full 4):
 def new generation   total 21440K, used 0K [0x04000000, 0x05740000, 0x09550000)
  eden space 19072K,   0% used [0x04000000, 0x04000000, 0x052a0000)
  from space 2368K,   0% used [0x052a0000, 0x052a0000, 0x054f0000)
  to   space 2368K,   0% used [0x054f0000, 0x054f0000, 0x05740000)
 tenured generation   total 47456K, used 17649K [0x09550000, 0x0c3a8000, 0x14000000)
   the space 47456K,  37% used [0x09550000, 0x0a68c558, 0x0a68c600, 0x0c3a8000)
 Metaspace       used 14164K, capacity 14676K, committed 14720K, reserved 14720K
}
Event: 8.787 GC heap before
{Heap before GC invocations=46 (full 4):
 def new generation   total 21440K, used 19087K [0x04000000, 0x05740000, 0x09550000)
  eden space 19072K, 100% used [0x04000000, 0x052a0000, 0x052a0000)
  from space 2368K,   0% used [0x052a0000, 0x052a3ce0, 0x054f0000)
  to   space 2368K,   0% used [0x054f0000, 0x054f0000, 0x05740000)
 tenured generation   total 47456K, used 17649K [0x09550000, 0x0c3a8000, 0x14000000)
   the space 47456K,  37% used [0x09550000, 0x0a68c558, 0x0a68c600, 0x0c3a8000)
 Metaspace       used 15679K, capacity 16203K, committed 16256K, reserved 16768K
Event: 8.809 GC heap after
Heap after GC invocations=47 (full 4):
 def new generation   total 21440K, used 2222K [0x04000000, 0x05740000, 0x09550000)
  eden space 19072K,   0% used [0x04000000, 0x04000000, 0x052a0000)
  from space 2368K,  93% used [0x054f0000, 0x0571b9c8, 0x05740000)
  to   space 2368K,   0% used [0x052a0000, 0x052a0000, 0x054f0000)
 tenured generation   total 47456K, used 21747K [0x09550000, 0x0c3a8000, 0x14000000)
   the space 47456K,  45% used [0x09550000, 0x0aa8cd68, 0x0aa8ce00, 0x0c3a8000)
 Metaspace       used 15679K, capacity 16203K, committed 16256K, reserved 16768K
}
Event: 10.701 GC heap before
{Heap before GC invocations=47 (full 4):
 def new generation   total 21440K, used 21297K [0x04000000, 0x05740000, 0x09550000)
  eden space 19072K,  99% used [0x04000000, 0x0529ff40, 0x052a0000)
  from space 2368K,  93% used [0x054f0000, 0x0571c5d8, 0x05740000)
  to   space 2368K,   0% used [0x052a0000, 0x052a0000, 0x054f0000)
 tenured generation   total 47456K, used 21747K [0x09550000, 0x0c3a8000, 0x14000000)
   the space 47456K,  45% used [0x09550000, 0x0aa8cd68, 0x0aa8ce00, 0x0c3a8000)
 Metaspace       used 16414K, capacity 16972K, committed 17024K, reserved 17792K
Event: 10.726 GC heap after
Heap after GC invocations=48 (full 4):
 def new generation   total 21440K, used 2368K [0x04000000, 0x05740000, 0x09550000)
  eden space 19072K,   0% used [0x04000000, 0x04000000, 0x052a0000)
  from space 2368K, 100% used [0x052a0000, 0x054f0000, 0x054f0000)
  to   space 2368K,   0% used [0x054f0000, 0x054f0000, 0x05740000)
 tenured generation   total 47456K, used 24672K [0x09550000, 0x0c3a8000, 0x14000000)
   the space 47456K,  51% used [0x09550000, 0x0ad681e0, 0x0ad68200, 0x0c3a8000)
 Metaspace       used 16414K, capacity 16972K, committed 17024K, reserved 17792K
}

